[0314/190035.191:ERROR:process_memory_win.cc(73)] ReadMemory at 0x7ff73cdc0000 of 64 bytes failed: Only part of a ReadProcessMemory or WriteProcessMemory request was completed. (0x12B)
[0314/190035.227:WARNING:pe_image_reader.cc(340)] could not read dos header from C:\Program Files (x86)\Google\Chrome\Application\chrome.exe
[0314/190035.227:ERROR:process_memory_win.cc(73)] ReadMemory at 0x7ffed5700000 of 64 bytes failed: Only part of a ReadProcessMemory or WriteProcessMemory request was completed. (0x12B)
[0314/190035.227:WARNING:pe_image_reader.cc(340)] could not read dos header from C:\WINDOWS\SYSTEM32\ntdll.dll
[0314/190035.227:ERROR:process_memory_win.cc(73)] ReadMemory at 0x7ffed3c30000 of 64 bytes failed: Only part of a ReadProcessMemory or WriteProcessMemory request was completed. (0x12B)
[0314/190035.228:WARNING:pe_image_reader.cc(340)] could not read dos header from C:\WINDOWS\System32\KERNEL32.DLL
[0314/190035.228:ERROR:process_memory_win.cc(73)] ReadMemory at 0x7ffed2950000 of 64 bytes failed: Only part of a ReadProcessMemory or WriteProcessMemory request was completed. (0x12B)
[0314/190035.228:WARNING:pe_image_reader.cc(340)] could not read dos header from C:\WINDOWS\System32\KERNELBASE.dll
[0314/190035.228:ERROR:process_memory_win.cc(73)] ReadMemory at 0x7ffeaea90000 of 64 bytes failed: Only part of a ReadProcessMemory or WriteProcessMemory request was completed. (0x12B)
[0314/190035.228:WARNING:pe_image_reader.cc(340)] could not read dos header from C:\Program Files (x86)\Google\Chrome\Application\80.0.3987.132\chrome_elf.dll
[0314/190035.228:ERROR:process_memory_win.cc(73)] ReadMemory at 0x7ffecae00000 of 64 bytes failed: Only part of a ReadProcessMemory or WriteProcessMemory request was completed. (0x12B)
[0314/190035.228:WARNING:pe_image_reader.cc(340)] could not read dos header from C:\WINDOWS\SYSTEM32\VERSION.dll
[0314/190035.228:ERROR:process_memory_win.cc(73)] ReadMemory at 0x7ffed37b0000 of 64 bytes failed: Only part of a ReadProcessMemory or WriteProcessMemory request was completed. (0x12B)
[0314/190035.228:WARNING:pe_image_reader.cc(340)] could not read dos header from C:\WINDOWS\System32\msvcrt.dll
[0314/190035.228:ERROR:process_memory_win.cc(73)] ReadMemory at 0x7ffed2690000 of 64 bytes failed: Only part of a ReadProcessMemory or WriteProcessMemory request was completed. (0x12B)
[0314/190035.228:WARNING:pe_image_reader.cc(340)] could not read dos header from C:\WINDOWS\System32\bcryptPrimitives.dll
[0314/190035.228:ERROR:process_memory_win.cc(73)] ReadMemory at 0x7ffed4e00000 of 64 bytes failed: Only part of a ReadProcessMemory or WriteProcessMemory request was completed. (0x12B)
[0314/190035.228:WARNING:pe_image_reader.cc(340)] could not read dos header from C:\WINDOWS\System32\ADVAPI32.dll
[0314/190035.228:ERROR:process_memory_win.cc(73)] ReadMemory at 0x7ffed4650000 of 64 bytes failed: Only part of a ReadProcessMemory or WriteProcessMemory request was completed. (0x12B)
[0314/190035.228:WARNING:pe_image_reader.cc(340)] could not read dos header from C:\WINDOWS\System32\sechost.dll
[0314/190035.228:ERROR:process_memory_win.cc(73)] ReadMemory at 0x7ffed55a0000 of 64 bytes failed: Only part of a ReadProcessMemory or WriteProcessMemory request was completed. (0x12B)
[0314/190035.229:WARNING:pe_image_reader.cc(340)] could not read dos header from C:\WINDOWS\System32\RPCRT4.dll
[0314/190035.229:ERROR:process_memory_win.cc(73)] ReadMemory at 0x7ffe80d80000 of 64 bytes failed: Only part of a ReadProcessMemory or WriteProcessMemory request was completed. (0x12B)
[0314/190035.229:WARNING:pe_image_reader.cc(340)] could not read dos header from C:\Program Files (x86)\Google\Chrome\Application\80.0.3987.132\chrome.dll
[0314/190035.229:ERROR:process_memory_win.cc(73)] ReadMemory at 0x7ffed3af0000 of 64 bytes failed: Only part of a ReadProcessMemory or WriteProcessMemory request was completed. (0x12B)
[0314/190035.229:WARNING:pe_image_reader.cc(340)] could not read dos header from C:\WINDOWS\System32\WS2_32.dll
[0314/190035.229:ERROR:process_memory_win.cc(73)] ReadMemory at 0x7ffed3850000 of 64 bytes failed: Only part of a ReadProcessMemory or WriteProcessMemory request was completed. (0x12B)
[0314/190035.229:WARNING:pe_image_reader.cc(340)] could not read dos header from C:\WINDOWS\System32\OLEAUT32.dll
[0314/190035.229:ERROR:process_memory_win.cc(73)] ReadMemory at 0x7ffed36b0000 of 64 bytes failed: Only part of a ReadProcessMemory or WriteProcessMemory request was completed. (0x12B)
[0314/190035.229:WARNING:pe_image_reader.cc(340)] could not read dos header from C:\WINDOWS\System32\msvcp_win.dll
[0314/190035.229:ERROR:process_memory_win.cc(73)] ReadMemory at 0x7ffed3460000 of 64 bytes failed: Only part of a ReadProcessMemory or WriteProcessMemory request was completed. (0x12B)
[0314/190035.229:WARNING:pe_image_reader.cc(340)] could not read dos header from C:\WINDOWS\System32\ucrtbase.dll
[0314/190035.229:ERROR:process_memory_win.cc(73)] ReadMemory at 0x2c3d7d40000 of 64 bytes failed: Only part of a ReadProcessMemory or WriteProcessMemory request was completed. (0x12B)
[0314/190035.229:WARNING:pe_image_reader.cc(340)] could not read dos header from C:\WINDOWS\System32\combase.dll
[0314/190035.229:ERROR:process_memory_win.cc(73)] ReadMemory at 0x7ffed3750000 of 64 bytes failed: Only part of a ReadProcessMemory or WriteProcessMemory request was completed. (0x12B)
[0314/190035.229:WARNING:pe_image_reader.cc(340)] could not read dos header from C:\WINDOWS\System32\WINTRUST.dll
[0314/190035.229:ERROR:process_memory_win.cc(73)] ReadMemory at 0x7ffed2650000 of 64 bytes failed: Only part of a ReadProcessMemory or WriteProcessMemory request was completed. (0x12B)
[0314/190035.229:WARNING:pe_image_reader.cc(340)] could not read dos header from C:\WINDOWS\System32\MSASN1.dll
[0314/190035.229:ERROR:process_memory_win.cc(73)] ReadMemory at 0x7ffed3560000 of 64 bytes failed: Only part of a ReadProcessMemory or WriteProcessMemory request was completed. (0x12B)
[0314/190035.230:WARNING:pe_image_reader.cc(340)] could not read dos header from C:\WINDOWS\System32\CRYPT32.dll
[0314/190035.230:ERROR:process_memory_win.cc(73)] ReadMemory at 0x7ffed1af0000 of 64 bytes failed: Only part of a ReadProcessMemory or WriteProcessMemory request was completed. (0x12B)
[0314/190035.230:WARNING:pe_image_reader.cc(340)] could not read dos header from C:\WINDOWS\SYSTEM32\IPHLPAPI.DLL
[0314/190035.230:ERROR:process_memory_win.cc(73)] ReadMemory at 0x7ffed01d0000 of 64 bytes failed: Only part of a ReadProcessMemory or WriteProcessMemory request was completed. (0x12B)
[0314/190035.230:WARNING:pe_image_reader.cc(340)] could not read dos header from C:\WINDOWS\SYSTEM32\WINMM.dll
[0314/190035.230:ERROR:process_memory_win.cc(73)] ReadMemory at 0x7ffec4be0000 of 64 bytes failed: Only part of a ReadProcessMemory or WriteProcessMemory request was completed. (0x12B)
[0314/190035.230:WARNING:pe_image_reader.cc(340)] could not read dos header from C:\WINDOWS\SYSTEM32\Secur32.dll
[0314/190035.230:ERROR:process_memory_win.cc(73)] ReadMemory at 0x7ffed24f0000 of 64 bytes failed: Only part of a ReadProcessMemory or WriteProcessMemory request was completed. (0x12B)
[0314/190035.230:WARNING:pe_image_reader.cc(340)] could not read dos header from C:\WINDOWS\SYSTEM32\USERENV.dll
[0314/190035.230:ERROR:process_memory_win.cc(73)] ReadMemory at 0x7ffed2670000 of 64 bytes failed: Only part of a ReadProcessMemory or WriteProcessMemory request was completed. (0x12B)
[0314/190035.230:WARNING:pe_image_reader.cc(340)] could not read dos header from C:\WINDOWS\System32\profapi.dll
[0314/190035.230:ERROR:process_memory_win.cc(73)] ReadMemory at 0x7ffeb9130000 of 64 bytes failed: Only part of a ReadProcessMemory or WriteProcessMemory request was completed. (0x12B)
[0314/190035.230:WARNING:pe_image_reader.cc(340)] could not read dos header from C:\WINDOWS\SYSTEM32\UIAutomationCore.DLL
[0314/190035.230:ERROR:process_memory_win.cc(73)] ReadMemory at 0x7ffec6c50000 of 64 bytes failed: Only part of a ReadProcessMemory or WriteProcessMemory request was completed. (0x12B)
[0314/190035.230:WARNING:pe_image_reader.cc(340)] could not read dos header from C:\WINDOWS\SYSTEM32\DWrite.dll
[0314/190035.230:ERROR:process_memory_win.cc(73)] ReadMemory at 0x7ffeb7690000 of 64 bytes failed: Only part of a ReadProcessMemory or WriteProcessMemory request was completed. (0x12B)
[0314/190035.230:WARNING:pe_image_reader.cc(340)] could not read dos header from C:\WINDOWS\SYSTEM32\WINSPOOL.DRV
[0314/190035.231:ERROR:process_memory_win.cc(73)] ReadMemory at 0x7ffed2630000 of 64 bytes failed: Only part of a ReadProcessMemory or WriteProcessMemory request was completed. (0x12B)
[0314/190035.231:WARNING:pe_image_reader.cc(340)] could not read dos header from C:\WINDOWS\System32\kernel.appcore.dll
[0314/190035.231:ERROR:process_memory_win.cc(73)] ReadMemory at 0x7ffed3430000 of 64 bytes failed: Only part of a ReadProcessMemory or WriteProcessMemory request was completed. (0x12B)
[0314/190035.231:WARNING:pe_image_reader.cc(340)] could not read dos header from C:\WINDOWS\System32\bcrypt.dll
[0314/190035.231:ERROR:process_memory_win.cc(73)] ReadMemory at 0x7ffec42f0000 of 64 bytes failed: Only part of a ReadProcessMemory or WriteProcessMemory request was completed. (0x12B)
[0314/190035.231:WARNING:pe_image_reader.cc(340)] could not read dos header from C:\WINDOWS\SYSTEM32\dbghelp.dll
[0314/190035.231:ERROR:process_memory_win.cc(73)] ReadMemory at 0x7ffec9cc0000 of 64 bytes failed: Only part of a ReadProcessMemory or WriteProcessMemory request was completed. (0x12B)
[0314/190035.231:WARNING:pe_image_reader.cc(340)] could not read dos header from C:\WINDOWS\SYSTEM32\WINHTTP.dll
[0314/190035.231:ERROR:process_memory_win.cc(73)] ReadMemory at 0x7ffec9c80000 of 64 bytes failed: Only part of a ReadProcessMemory or WriteProcessMemory request was completed. (0x12B)
[0314/190035.231:WARNING:pe_image_reader.cc(340)] could not read dos header from C:\WINDOWS\SYSTEM32\dhcpcsvc.DLL
[0314/190035.231:ERROR:process_memory_win.cc(73)] ReadMemory at 0x7ffed43f0000 of 64 bytes failed: Only part of a ReadProcessMemory or WriteProcessMemory request was completed. (0x12B)
[0314/190035.231:WARNING:pe_image_reader.cc(340)] could not read dos header from C:\WINDOWS\System32\NSI.dll
[0314/190035.231:ERROR:process_memory_win.cc(73)] ReadMemory at 0x7ffed01a0000 of 64 bytes failed: Only part of a ReadProcessMemory or WriteProcessMemory request was completed. (0x12B)
[0314/190035.231:WARNING:pe_image_reader.cc(340)] could not read dos header from C:\WINDOWS\SYSTEM32\WINMMBASE.dll
[0314/190035.231:ERROR:process_memory_win.cc(73)] ReadMemory at 0x7ffed2710000 of 64 bytes failed: Only part of a ReadProcessMemory or WriteProcessMemory request was completed. (0x12B)
[0314/190035.231:WARNING:pe_image_reader.cc(340)] could not read dos header from C:\WINDOWS\System32\cfgmgr32.dll
[0314/190035.231:ERROR:process_memory_win.cc(73)] ReadMemory at 0x7ffecef90000 of 64 bytes failed: Only part of a ReadProcessMemory or WriteProcessMemory request was completed. (0x12B)
[0314/190035.232:WARNING:pe_image_reader.cc(340)] could not read dos header from C:\WINDOWS\SYSTEM32\PROPSYS.dll
[0314/190035.232:ERROR:process_memory_win.cc(73)] ReadMemory at 0x7ffed3920000 of 64 bytes failed: Only part of a ReadProcessMemory or WriteProcessMemory request was completed. (0x12B)
[0314/190035.232:WARNING:pe_image_reader.cc(340)] could not read dos header from C:\WINDOWS\System32\shcore.dll
[0314/190035.232:ERROR:process_memory_win.cc(73)] ReadMemory at 0x7ffed24c0000 of 64 bytes failed: Only part of a ReadProcessMemory or WriteProcessMemory request was completed. (0x12B)
[0314/190035.232:WARNING:pe_image_reader.cc(340)] could not read dos header from C:\WINDOWS\SYSTEM32\SSPICLI.DLL
[0314/190035.232:ERROR:process_memory_win.cc(73)] ReadMemory at 0x7ffed1fb0000 of 64 bytes failed: Only part of a ReadProcessMemory or WriteProcessMemory request was completed. (0x12B)
[0314/190035.232:WARNING:pe_image_reader.cc(340)] could not read dos header from C:\WINDOWS\SYSTEM32\CRYPTBASE.DLL
[0314/190035.232:ERROR:process_memory_win.cc(73)] ReadMemory at 0x7ff73cdc0000 of 64 bytes failed: Only part of a ReadProcessMemory or WriteProcessMemory request was completed. (0x12B)
[0314/190035.232:WARNING:pe_image_reader.cc(340)] could not read dos header from C:\Program Files (x86)\Google\Chrome\Application\chrome.exe
[0314/190035.232:ERROR:process_memory_win.cc(73)] ReadMemory at 0x7ffed5700000 of 64 bytes failed: Only part of a ReadProcessMemory or WriteProcessMemory request was completed. (0x12B)
[0314/190035.232:WARNING:pe_image_reader.cc(340)] could not read dos header from C:\WINDOWS\SYSTEM32\ntdll.dll
[0314/190035.232:ERROR:process_memory_win.cc(73)] ReadMemory at 0x7ffed3c30000 of 64 bytes failed: Only part of a ReadProcessMemory or WriteProcessMemory request was completed. (0x12B)
[0314/190035.232:WARNING:pe_image_reader.cc(340)] could not read dos header from C:\WINDOWS\System32\KERNEL32.DLL
[0314/190035.232:ERROR:process_memory_win.cc(73)] ReadMemory at 0x7ffed2950000 of 64 bytes failed: Only part of a ReadProcessMemory or WriteProcessMemory request was completed. (0x12B)
[0314/190035.232:WARNING:pe_image_reader.cc(340)] could not read dos header from C:\WINDOWS\System32\KERNELBASE.dll
[0314/190035.232:ERROR:process_memory_win.cc(73)] ReadMemory at 0x7ffeaea90000 of 64 bytes failed: Only part of a ReadProcessMemory or WriteProcessMemory request was completed. (0x12B)
[0314/190035.232:WARNING:pe_image_reader.cc(340)] could not read dos header from C:\Program Files (x86)\Google\Chrome\Application\80.0.3987.132\chrome_elf.dll
[0314/190035.233:ERROR:process_memory_win.cc(73)] ReadMemory at 0x7ffecae00000 of 64 bytes failed: Only part of a ReadProcessMemory or WriteProcessMemory request was completed. (0x12B)
[0314/190035.233:WARNING:pe_image_reader.cc(340)] could not read dos header from C:\WINDOWS\SYSTEM32\VERSION.dll
[0314/190035.233:ERROR:process_memory_win.cc(73)] ReadMemory at 0x7ffed37b0000 of 64 bytes failed: Only part of a ReadProcessMemory or WriteProcessMemory request was completed. (0x12B)
[0314/190035.233:WARNING:pe_image_reader.cc(340)] could not read dos header from C:\WINDOWS\System32\msvcrt.dll
[0314/190035.233:ERROR:process_memory_win.cc(73)] ReadMemory at 0x7ffed2690000 of 64 bytes failed: Only part of a ReadProcessMemory or WriteProcessMemory request was completed. (0x12B)
[0314/190035.233:WARNING:pe_image_reader.cc(340)] could not read dos header from C:\WINDOWS\System32\bcryptPrimitives.dll
[0314/190035.233:ERROR:process_memory_win.cc(73)] ReadMemory at 0x7ffed4e00000 of 64 bytes failed: Only part of a ReadProcessMemory or WriteProcessMemory request was completed. (0x12B)
[0314/190035.233:WARNING:pe_image_reader.cc(340)] could not read dos header from C:\WINDOWS\System32\ADVAPI32.dll
[0314/190035.233:ERROR:process_memory_win.cc(73)] ReadMemory at 0x7ffed4650000 of 64 bytes failed: Only part of a ReadProcessMemory or WriteProcessMemory request was completed. (0x12B)
[0314/190035.233:WARNING:pe_image_reader.cc(340)] could not read dos header from C:\WINDOWS\System32\sechost.dll
[0314/190035.233:ERROR:process_memory_win.cc(73)] ReadMemory at 0x7ffed55a0000 of 64 bytes failed: Only part of a ReadProcessMemory or WriteProcessMemory request was completed. (0x12B)
[0314/190035.233:WARNING:pe_image_reader.cc(340)] could not read dos header from C:\WINDOWS\System32\RPCRT4.dll
[0314/190035.233:ERROR:process_memory_win.cc(73)] ReadMemory at 0x7ffe80d80000 of 64 bytes failed: Only part of a ReadProcessMemory or WriteProcessMemory request was completed. (0x12B)
[0314/190035.233:WARNING:pe_image_reader.cc(340)] could not read dos header from C:\Program Files (x86)\Google\Chrome\Application\80.0.3987.132\chrome.dll
[0314/190035.233:ERROR:process_memory_win.cc(73)] ReadMemory at 0x7ffed3af0000 of 64 bytes failed: Only part of a ReadProcessMemory or WriteProcessMemory request was completed. (0x12B)
[0314/190035.233:WARNING:pe_image_reader.cc(340)] could not read dos header from C:\WINDOWS\System32\WS2_32.dll
[0314/190035.233:ERROR:process_memory_win.cc(73)] ReadMemory at 0x7ffed3850000 of 64 bytes failed: Only part of a ReadProcessMemory or WriteProcessMemory request was completed. (0x12B)
[0314/190035.233:WARNING:pe_image_reader.cc(340)] could not read dos header from C:\WINDOWS\System32\OLEAUT32.dll
[0314/190035.234:ERROR:process_memory_win.cc(73)] ReadMemory at 0x7ffed36b0000 of 64 bytes failed: Only part of a ReadProcessMemory or WriteProcessMemory request was completed. (0x12B)
[0314/190035.234:WARNING:pe_image_reader.cc(340)] could not read dos header from C:\WINDOWS\System32\msvcp_win.dll
[0314/190035.234:ERROR:process_memory_win.cc(73)] ReadMemory at 0x7ffed3460000 of 64 bytes failed: Only part of a ReadProcessMemory or WriteProcessMemory request was completed. (0x12B)
[0314/190035.234:WARNING:pe_image_reader.cc(340)] could not read dos header from C:\WINDOWS\System32\ucrtbase.dll
[0314/190035.234:ERROR:process_memory_win.cc(73)] ReadMemory at 0x2c3d7d40000 of 64 bytes failed: Only part of a ReadProcessMemory or WriteProcessMemory request was completed. (0x12B)
[0314/190035.234:WARNING:pe_image_reader.cc(340)] could not read dos header from C:\WINDOWS\System32\combase.dll
[0314/190035.234:ERROR:process_memory_win.cc(73)] ReadMemory at 0x7ffed3750000 of 64 bytes failed: Only part of a ReadProcessMemory or WriteProcessMemory request was completed. (0x12B)
[0314/190035.234:WARNING:pe_image_reader.cc(340)] could not read dos header from C:\WINDOWS\System32\WINTRUST.dll
[0314/190035.234:ERROR:process_memory_win.cc(73)] ReadMemory at 0x7ffed2650000 of 64 bytes failed: Only part of a ReadProcessMemory or WriteProcessMemory request was completed. (0x12B)
[0314/190035.234:WARNING:pe_image_reader.cc(340)] could not read dos header from C:\WINDOWS\System32\MSASN1.dll
[0314/190035.234:ERROR:process_memory_win.cc(73)] ReadMemory at 0x7ffed3560000 of 64 bytes failed: Only part of a ReadProcessMemory or WriteProcessMemory request was completed. (0x12B)
[0314/190035.234:WARNING:pe_image_reader.cc(340)] could not read dos header from C:\WINDOWS\System32\CRYPT32.dll
[0314/190035.234:ERROR:process_memory_win.cc(73)] ReadMemory at 0x7ffed1af0000 of 64 bytes failed: Only part of a ReadProcessMemory or WriteProcessMemory request was completed. (0x12B)
[0314/190035.234:WARNING:pe_image_reader.cc(340)] could not read dos header from C:\WINDOWS\SYSTEM32\IPHLPAPI.DLL
[0314/190035.235:ERROR:process_memory_win.cc(73)] ReadMemory at 0x7ffed01d0000 of 64 bytes failed: Only part of a ReadProcessMemory or WriteProcessMemory request was completed. (0x12B)
[0314/190035.236:WARNING:pe_image_reader.cc(340)] could not read dos header from C:\WINDOWS\SYSTEM32\WINMM.dll
[0314/190035.236:ERROR:process_memory_win.cc(73)] ReadMemory at 0x7ffec4be0000 of 64 bytes failed: Only part of a ReadProcessMemory or WriteProcessMemory request was completed. (0x12B)
[0314/190035.236:WARNING:pe_image_reader.cc(340)] could not read dos header from C:\WINDOWS\SYSTEM32\Secur32.dll
[0314/190035.237:ERROR:process_memory_win.cc(73)] ReadMemory at 0x7ffed24f0000 of 64 bytes failed: Only part of a ReadProcessMemory or WriteProcessMemory request was completed. (0x12B)
[0314/190035.237:WARNING:pe_image_reader.cc(340)] could not read dos header from C:\WINDOWS\SYSTEM32\USERENV.dll
[0314/190035.237:ERROR:process_memory_win.cc(73)] ReadMemory at 0x7ffed2670000 of 64 bytes failed: Only part of a ReadProcessMemory or WriteProcessMemory request was completed. (0x12B)
[0314/190035.237:WARNING:pe_image_reader.cc(340)] could not read dos header from C:\WINDOWS\System32\profapi.dll
[0314/190035.237:ERROR:process_memory_win.cc(73)] ReadMemory at 0x7ffeb9130000 of 64 bytes failed: Only part of a ReadProcessMemory or WriteProcessMemory request was completed. (0x12B)
[0314/190035.237:WARNING:pe_image_reader.cc(340)] could not read dos header from C:\WINDOWS\SYSTEM32\UIAutomationCore.DLL
[0314/190035.237:ERROR:process_memory_win.cc(73)] ReadMemory at 0x7ffec6c50000 of 64 bytes failed: Only part of a ReadProcessMemory or WriteProcessMemory request was completed. (0x12B)
[0314/190035.237:WARNING:pe_image_reader.cc(340)] could not read dos header from C:\WINDOWS\SYSTEM32\DWrite.dll
[0314/190035.237:ERROR:process_memory_win.cc(73)] ReadMemory at 0x7ffeb7690000 of 64 bytes failed: Only part of a ReadProcessMemory or WriteProcessMemory request was completed. (0x12B)
[0314/190035.237:WARNING:pe_image_reader.cc(340)] could not read dos header from C:\WINDOWS\SYSTEM32\WINSPOOL.DRV
[0314/190035.237:ERROR:process_memory_win.cc(73)] ReadMemory at 0x7ffed2630000 of 64 bytes failed: Only part of a ReadProcessMemory or WriteProcessMemory request was completed. (0x12B)
[0314/190035.237:WARNING:pe_image_reader.cc(340)] could not read dos header from C:\WINDOWS\System32\kernel.appcore.dll
[0314/190035.237:ERROR:process_memory_win.cc(73)] ReadMemory at 0x7ffed3430000 of 64 bytes failed: Only part of a ReadProcessMemory or WriteProcessMemory request was completed. (0x12B)
[0314/190035.237:WARNING:pe_image_reader.cc(340)] could not read dos header from C:\WINDOWS\System32\bcrypt.dll
[0314/190035.237:ERROR:process_memory_win.cc(73)] ReadMemory at 0x7ffec42f0000 of 64 bytes failed: Only part of a ReadProcessMemory or WriteProcessMemory request was completed. (0x12B)
[0314/190035.237:WARNING:pe_image_reader.cc(340)] could not read dos header from C:\WINDOWS\SYSTEM32\dbghelp.dll
[0314/190035.238:ERROR:process_memory_win.cc(73)] ReadMemory at 0x7ffec9cc0000 of 64 bytes failed: Only part of a ReadProcessMemory or WriteProcessMemory request was completed. (0x12B)
[0314/190035.238:WARNING:pe_image_reader.cc(340)] could not read dos header from C:\WINDOWS\SYSTEM32\WINHTTP.dll
[0314/190035.238:ERROR:process_memory_win.cc(73)] ReadMemory at 0x7ffec9c80000 of 64 bytes failed: Only part of a ReadProcessMemory or WriteProcessMemory request was completed. (0x12B)
[0314/190035.238:WARNING:pe_image_reader.cc(340)] could not read dos header from C:\WINDOWS\SYSTEM32\dhcpcsvc.DLL
[0314/190035.238:ERROR:process_memory_win.cc(73)] ReadMemory at 0x7ffed43f0000 of 64 bytes failed: Only part of a ReadProcessMemory or WriteProcessMemory request was completed. (0x12B)
[0314/190035.238:WARNING:pe_image_reader.cc(340)] could not read dos header from C:\WINDOWS\System32\NSI.dll
[0314/190035.238:ERROR:process_memory_win.cc(73)] ReadMemory at 0x7ffed01a0000 of 64 bytes failed: Only part of a ReadProcessMemory or WriteProcessMemory request was completed. (0x12B)
[0314/190035.238:WARNING:pe_image_reader.cc(340)] could not read dos header from C:\WINDOWS\SYSTEM32\WINMMBASE.dll
[0314/190035.238:ERROR:process_memory_win.cc(73)] ReadMemory at 0x7ffed2710000 of 64 bytes failed: Only part of a ReadProcessMemory or WriteProcessMemory request was completed. (0x12B)
[0314/190035.238:WARNING:pe_image_reader.cc(340)] could not read dos header from C:\WINDOWS\System32\cfgmgr32.dll
[0314/190035.238:ERROR:process_memory_win.cc(73)] ReadMemory at 0x7ffecef90000 of 64 bytes failed: Only part of a ReadProcessMemory or WriteProcessMemory request was completed. (0x12B)
[0314/190035.238:WARNING:pe_image_reader.cc(340)] could not read dos header from C:\WINDOWS\SYSTEM32\PROPSYS.dll
[0314/190035.238:ERROR:process_memory_win.cc(73)] ReadMemory at 0x7ffed3920000 of 64 bytes failed: Only part of a ReadProcessMemory or WriteProcessMemory request was completed. (0x12B)
[0314/190035.238:WARNING:pe_image_reader.cc(340)] could not read dos header from C:\WINDOWS\System32\shcore.dll
[0314/190035.238:ERROR:process_memory_win.cc(73)] ReadMemory at 0x7ffed24c0000 of 64 bytes failed: Only part of a ReadProcessMemory or WriteProcessMemory request was completed. (0x12B)
[0314/190035.238:WARNING:pe_image_reader.cc(340)] could not read dos header from C:\WINDOWS\SYSTEM32\SSPICLI.DLL
[0314/190035.238:ERROR:process_memory_win.cc(73)] ReadMemory at 0x7ffed1fb0000 of 64 bytes failed: Only part of a ReadProcessMemory or WriteProcessMemory request was completed. (0x12B)
[0314/190035.239:WARNING:pe_image_reader.cc(340)] could not read dos header from C:\WINDOWS\SYSTEM32\CRYPTBASE.DLL
[0314/190035.345:ERROR:process_memory_win.cc(73)] ReadMemory at 0xc5913f5000 of 45056 bytes failed: Only part of a ReadProcessMemory or WriteProcessMemory request was completed. (0x12B)
[0314/190035.346:ERROR:process_memory_win.cc(73)] ReadMemory at 0xc591bfd000 of 12288 bytes failed: Only part of a ReadProcessMemory or WriteProcessMemory request was completed. (0x12B)
[0314/190035.346:ERROR:process_memory_win.cc(73)] ReadMemory at 0xc5923f6000 of 40960 bytes failed: Only part of a ReadProcessMemory or WriteProcessMemory request was completed. (0x12B)
[0314/190035.346:ERROR:process_memory_win.cc(73)] ReadMemory at 0xc592bfc000 of 16384 bytes failed: Only part of a ReadProcessMemory or WriteProcessMemory request was completed. (0x12B)
[0314/190035.346:ERROR:process_memory_win.cc(73)] ReadMemory at 0xc5933fb000 of 20480 bytes failed: Only part of a ReadProcessMemory or WriteProcessMemory request was completed. (0x12B)
[0314/190035.346:ERROR:process_memory_win.cc(73)] ReadMemory at 0xc593bff000 of 4096 bytes failed: Only part of a ReadProcessMemory or WriteProcessMemory request was completed. (0x12B)
[0314/190035.346:ERROR:process_memory_win.cc(73)] ReadMemory at 0xc5943fd000 of 12288 bytes failed: Only part of a ReadProcessMemory or WriteProcessMemory request was completed. (0x12B)
[0314/190035.346:ERROR:process_memory_win.cc(73)] ReadMemory at 0xc594bfb000 of 20480 bytes failed: Only part of a ReadProcessMemory or WriteProcessMemory request was completed. (0x12B)
[0314/190035.347:ERROR:process_memory_win.cc(73)] ReadMemory at 0xc5953fb000 of 20480 bytes failed: Only part of a ReadProcessMemory or WriteProcessMemory request was completed. (0x12B)
[0314/190035.347:ERROR:process_memory_win.cc(73)] ReadMemory at 0xc595bf8000 of 32768 bytes failed: Only part of a ReadProcessMemory or WriteProcessMemory request was completed. (0x12B)
[0314/190035.347:ERROR:process_memory_win.cc(73)] ReadMemory at 0xc5963fd000 of 12288 bytes failed: Only part of a ReadProcessMemory or WriteProcessMemory request was completed. (0x12B)
[0314/190035.347:ERROR:process_memory_win.cc(73)] ReadMemory at 0xc5973fb000 of 20480 bytes failed: Only part of a ReadProcessMemory or WriteProcessMemory request was completed. (0x12B)
[0314/190035.395:ERROR:process_memory_win.cc(73)] ReadMemory at 0xc597bfb000 of 20480 bytes failed: Only part of a ReadProcessMemory or WriteProcessMemory request was completed. (0x12B)
[0314/190035.395:ERROR:process_memory_win.cc(73)] ReadMemory at 0xc5983fc000 of 16384 bytes failed: Only part of a ReadProcessMemory or WriteProcessMemory request was completed. (0x12B)
[0314/190035.395:ERROR:process_memory_win.cc(73)] ReadMemory at 0xc598bfd000 of 12288 bytes failed: Only part of a ReadProcessMemory or WriteProcessMemory request was completed. (0x12B)
[0314/190035.395:ERROR:process_memory_win.cc(73)] ReadMemory at 0xc596bfd000 of 12288 bytes failed: Only part of a ReadProcessMemory or WriteProcessMemory request was completed. (0x12B)
[0314/190035.395:ERROR:process_memory_win.cc(73)] ReadMemory at 0xc5993fc000 of 16384 bytes failed: Only part of a ReadProcessMemory or WriteProcessMemory request was completed. (0x12B)
[0314/190035.395:ERROR:process_memory_win.cc(73)] ReadMemory at 0xc599bfe000 of 8192 bytes failed: Only part of a ReadProcessMemory or WriteProcessMemory request was completed. (0x12B)
[0314/190035.395:ERROR:process_memory_win.cc(73)] ReadMemory at 0xc590a3e000 of 852 bytes failed: Only part of a ReadProcessMemory or WriteProcessMemory request was completed. (0x12B)
[0314/190035.396:ERROR:process_memory_win.cc(73)] ReadMemory at 0xc590a3f000 of 6024 bytes failed: Only part of a ReadProcessMemory or WriteProcessMemory request was completed. (0x12B)
[0314/190035.396:ERROR:process_memory_win.cc(73)] ReadMemory at 0xc590a41000 of 6024 bytes failed: Only part of a ReadProcessMemory or WriteProcessMemory request was completed. (0x12B)
[0314/190035.396:ERROR:process_memory_win.cc(73)] ReadMemory at 0xc590a43000 of 6024 bytes failed: Only part of a ReadProcessMemory or WriteProcessMemory request was completed. (0x12B)
[0314/190035.396:ERROR:process_memory_win.cc(73)] ReadMemory at 0xc590a45000 of 6024 bytes failed: Only part of a ReadProcessMemory or WriteProcessMemory request was completed. (0x12B)
[0314/190035.396:ERROR:process_memory_win.cc(73)] ReadMemory at 0xc590a47000 of 6024 bytes failed: Only part of a ReadProcessMemory or WriteProcessMemory request was completed. (0x12B)
[0314/190035.396:ERROR:process_memory_win.cc(73)] ReadMemory at 0xc590a49000 of 6024 bytes failed: Only part of a ReadProcessMemory or WriteProcessMemory request was completed. (0x12B)
[0314/190035.396:ERROR:process_memory_win.cc(73)] ReadMemory at 0xc590a4b000 of 6024 bytes failed: Only part of a ReadProcessMemory or WriteProcessMemory request was completed. (0x12B)
[0314/190035.397:ERROR:process_memory_win.cc(73)] ReadMemory at 0xc590a4d000 of 6024 bytes failed: Only part of a ReadProcessMemory or WriteProcessMemory request was completed. (0x12B)
[0314/190035.397:ERROR:process_memory_win.cc(73)] ReadMemory at 0xc590a4f000 of 6024 bytes failed: Only part of a ReadProcessMemory or WriteProcessMemory request was completed. (0x12B)
[0314/190035.397:ERROR:process_memory_win.cc(73)] ReadMemory at 0xc590a51000 of 6024 bytes failed: Only part of a ReadProcessMemory or WriteProcessMemory request was completed. (0x12B)
[0314/190035.397:ERROR:process_memory_win.cc(73)] ReadMemory at 0xc590a53000 of 6024 bytes failed: Only part of a ReadProcessMemory or WriteProcessMemory request was completed. (0x12B)
[0314/190035.397:ERROR:process_memory_win.cc(73)] ReadMemory at 0xc590a57000 of 6024 bytes failed: Only part of a ReadProcessMemory or WriteProcessMemory request was completed. (0x12B)
[0314/190035.397:ERROR:process_memory_win.cc(73)] ReadMemory at 0xc590a59000 of 6024 bytes failed: Only part of a ReadProcessMemory or WriteProcessMemory request was completed. (0x12B)
[0314/190035.397:ERROR:process_memory_win.cc(73)] ReadMemory at 0xc590a5b000 of 6024 bytes failed: Only part of a ReadProcessMemory or WriteProcessMemory request was completed. (0x12B)
[0314/190035.397:ERROR:process_memory_win.cc(73)] ReadMemory at 0xc590a5f000 of 6024 bytes failed: Only part of a ReadProcessMemory or WriteProcessMemory request was completed. (0x12B)
[0314/190035.398:ERROR:process_memory_win.cc(73)] ReadMemory at 0xc590a61000 of 6024 bytes failed: Only part of a ReadProcessMemory or WriteProcessMemory request was completed. (0x12B)
[0314/190035.398:ERROR:process_memory_win.cc(73)] ReadMemory at 0xc590a63000 of 6024 bytes failed: Only part of a ReadProcessMemory or WriteProcessMemory request was completed. (0x12B)
[0314/190035.398:ERROR:process_memory_win.cc(73)] ReadMemory at 0xc590a65000 of 6024 bytes failed: Only part of a ReadProcessMemory or WriteProcessMemory request was completed. (0x12B)
[0314/190035.398:ERROR:process_memory_win.cc(73)] ReadMemory at 0x2c3d79a0d60 of 512 bytes failed: Only part of a ReadProcessMemory or WriteProcessMemory request was completed. (0x12B)
[0314/190035.398:ERROR:process_memory_win.cc(73)] ReadMemory at 0x2c3d79a5f20 of 512 bytes failed: Only part of a ReadProcessMemory or WriteProcessMemory request was completed. (0x12B)
[0314/190035.398:ERROR:process_memory_win.cc(73)] ReadMemory at 0x2c3d79c0750 of 80 bytes failed: Only part of a ReadProcessMemory or WriteProcessMemory request was completed. (0x12B)
[0314/190035.398:ERROR:process_memory_win.cc(73)] ReadMemory at 0x2c3d79c0fe0 of 9626 bytes failed: Only part of a ReadProcessMemory or WriteProcessMemory request was completed. (0x12B)
[0314/190035.398:ERROR:process_memory_win.cc(73)] ReadMemory at 0x2c3d79c3590 of 1012 bytes failed: Only part of a ReadProcessMemory or WriteProcessMemory request was completed. (0x12B)
[0314/190035.399:ERROR:process_memory_win.cc(73)] ReadMemory at 0x2c3d79c3bd8 of 118 bytes failed: Only part of a ReadProcessMemory or WriteProcessMemory request was completed. (0x12B)
[0314/190035.399:ERROR:process_memory_win.cc(73)] ReadMemory at 0x2c3d79c3c50 of 676 bytes failed: Only part of a ReadProcessMemory or WriteProcessMemory request was completed. (0x12B)
[0314/190035.399:ERROR:process_memory_win.cc(73)] ReadMemory at 0x2c3d79c3ef6 of 118 bytes failed: Only part of a ReadProcessMemory or WriteProcessMemory request was completed. (0x12B)
[0314/190035.399:ERROR:process_memory_win.cc(73)] ReadMemory at 0x2c3d79c3f6e of 98 bytes failed: Only part of a ReadProcessMemory or WriteProcessMemory request was completed. (0x12B)
[0314/190035.399:ERROR:process_memory_win.cc(73)] ReadMemory at 0x2c3d79c3fe0 of 58 bytes failed: Only part of a ReadProcessMemory or WriteProcessMemory request was completed. (0x12B)
[0314/190035.399:ERROR:process_memory_win.cc(73)] ReadMemory at 0x2c3d79c40e0 of 132 bytes failed: Only part of a ReadProcessMemory or WriteProcessMemory request was completed. (0x12B)
[0314/190035.399:ERROR:process_memory_win.cc(73)] ReadMemory at 0x2c3d79c4270 of 132 bytes failed: Only part of a ReadProcessMemory or WriteProcessMemory request was completed. (0x12B)
[0314/190035.399:ERROR:process_memory_win.cc(73)] ReadMemory at 0x2c3d79c4430 of 126 bytes failed: Only part of a ReadProcessMemory or WriteProcessMemory request was completed. (0x12B)
[0314/190035.400:ERROR:process_memory_win.cc(73)] ReadMemory at 0x2c3d79c4810 of 132 bytes failed: Only part of a ReadProcessMemory or WriteProcessMemory request was completed. (0x12B)
[0314/190035.400:ERROR:process_memory_win.cc(73)] ReadMemory at 0x2c3d79c49a0 of 64 bytes failed: Only part of a ReadProcessMemory or WriteProcessMemory request was completed. (0x12B)
[0314/190035.400:ERROR:process_memory_win.cc(73)] ReadMemory at 0x2c3d79c49f0 of 132 bytes failed: Only part of a ReadProcessMemory or WriteProcessMemory request was completed. (0x12B)
[0314/190035.400:ERROR:process_memory_win.cc(73)] ReadMemory at 0x2c3d79c4b60 of 132 bytes failed: Only part of a ReadProcessMemory or WriteProcessMemory request was completed. (0x12B)
[0314/190035.400:ERROR:process_memory_win.cc(73)] ReadMemory at 0x2c3d79c4e00 of 132 bytes failed: Only part of a ReadProcessMemory or WriteProcessMemory request was completed. (0x12B)
[0314/190035.400:ERROR:process_memory_win.cc(73)] ReadMemory at 0x2c3d79c4f90 of 68 bytes failed: Only part of a ReadProcessMemory or WriteProcessMemory request was completed. (0x12B)
[0314/190035.400:ERROR:process_memory_win.cc(73)] ReadMemory at 0x2c3d79c60b0 of 132 bytes failed: Only part of a ReadProcessMemory or WriteProcessMemory request was completed. (0x12B)
[0314/190035.400:ERROR:process_memory_win.cc(73)] ReadMemory at 0x2c3d79c61e0 of 154 bytes failed: Only part of a ReadProcessMemory or WriteProcessMemory request was completed. (0x12B)
[0314/190035.400:ERROR:process_memory_win.cc(73)] ReadMemory at 0x2c3d79c6fd0 of 62 bytes failed: Only part of a ReadProcessMemory or WriteProcessMemory request was completed. (0x12B)
[0314/190035.401:ERROR:process_memory_win.cc(73)] ReadMemory at 0x2c3d79c7050 of 146 bytes failed: Only part of a ReadProcessMemory or WriteProcessMemory request was completed. (0x12B)
[0314/190035.401:ERROR:process_memory_win.cc(73)] ReadMemory at 0x2c3d79c7130 of 132 bytes failed: Only part of a ReadProcessMemory or WriteProcessMemory request was completed. (0x12B)
[0314/190035.401:ERROR:process_memory_win.cc(73)] ReadMemory at 0x2c3d79c72c0 of 60 bytes failed: Only part of a ReadProcessMemory or WriteProcessMemory request was completed. (0x12B)
[0314/190035.401:ERROR:process_memory_win.cc(73)] ReadMemory at 0x2c3d79c7540 of 132 bytes failed: Only part of a ReadProcessMemory or WriteProcessMemory request was completed. (0x12B)
[0314/190035.401:ERROR:process_memory_win.cc(73)] ReadMemory at 0x2c3d79c85c0 of 132 bytes failed: Only part of a ReadProcessMemory or WriteProcessMemory request was completed. (0x12B)
[0314/190035.401:ERROR:process_memory_win.cc(73)] ReadMemory at 0x2c3d79c9010 of 132 bytes failed: Only part of a ReadProcessMemory or WriteProcessMemory request was completed. (0x12B)
[0314/190035.403:ERROR:process_memory_win.cc(73)] ReadMemory at 0x2c3d79cbf10 of 66 bytes failed: Only part of a ReadProcessMemory or WriteProcessMemory request was completed. (0x12B)
[0314/190035.403:ERROR:process_memory_win.cc(73)] ReadMemory at 0x2c3d79cbfb0 of 64 bytes failed: Only part of a ReadProcessMemory or WriteProcessMemory request was completed. (0x12B)
[0314/190035.403:ERROR:process_memory_win.cc(73)] ReadMemory at 0x2c3d79cc140 of 62 bytes failed: Only part of a ReadProcessMemory or WriteProcessMemory request was completed. (0x12B)
[0314/190035.403:ERROR:process_memory_win.cc(73)] ReadMemory at 0x2c3d79cc190 of 60 bytes failed: Only part of a ReadProcessMemory or WriteProcessMemory request was completed. (0x12B)
[0314/190035.406:ERROR:process_memory_win.cc(73)] ReadMemory at 0x2c3d79cc280 of 60 bytes failed: Only part of a ReadProcessMemory or WriteProcessMemory request was completed. (0x12B)
[0314/190035.407:ERROR:process_memory_win.cc(73)] ReadMemory at 0x2c3d79cc460 of 64 bytes failed: Only part of a ReadProcessMemory or WriteProcessMemory request was completed. (0x12B)
[0314/190035.407:ERROR:process_memory_win.cc(73)] ReadMemory at 0x2c3d79cc4b0 of 64 bytes failed: Only part of a ReadProcessMemory or WriteProcessMemory request was completed. (0x12B)
[0314/190035.407:ERROR:process_memory_win.cc(73)] ReadMemory at 0x2c3d79cc500 of 64 bytes failed: Only part of a ReadProcessMemory or WriteProcessMemory request was completed. (0x12B)
[0314/190035.407:ERROR:process_memory_win.cc(73)] ReadMemory at 0x2c3d79cc640 of 62 bytes failed: Only part of a ReadProcessMemory or WriteProcessMemory request was completed. (0x12B)
[0314/190035.407:ERROR:process_memory_win.cc(73)] ReadMemory at 0x2c3d79cc720 of 76 bytes failed: Only part of a ReadProcessMemory or WriteProcessMemory request was completed. (0x12B)
[0314/190035.407:ERROR:process_memory_win.cc(73)] ReadMemory at 0x2c3d79ccf60 of 80 bytes failed: Only part of a ReadProcessMemory or WriteProcessMemory request was completed. (0x12B)
[0314/190035.407:ERROR:process_memory_win.cc(73)] ReadMemory at 0x2c3d79cd780 of 64 bytes failed: Only part of a ReadProcessMemory or WriteProcessMemory request was completed. (0x12B)
[0314/190035.407:ERROR:process_memory_win.cc(73)] ReadMemory at 0x2c3d79cd820 of 62 bytes failed: Only part of a ReadProcessMemory or WriteProcessMemory request was completed. (0x12B)
[0314/190035.407:ERROR:process_memory_win.cc(73)] ReadMemory at 0x2c3d79cd870 of 62 bytes failed: Only part of a ReadProcessMemory or WriteProcessMemory request was completed. (0x12B)
[0314/190035.408:ERROR:process_memory_win.cc(73)] ReadMemory at 0x2c3d79cda50 of 62 bytes failed: Only part of a ReadProcessMemory or WriteProcessMemory request was completed. (0x12B)
[0314/190035.408:ERROR:process_memory_win.cc(73)] ReadMemory at 0x2c3d79cdc80 of 60 bytes failed: Only part of a ReadProcessMemory or WriteProcessMemory request was completed. (0x12B)
[0314/190035.408:ERROR:process_memory_win.cc(73)] ReadMemory at 0x2c3d79cddc0 of 62 bytes failed: Only part of a ReadProcessMemory or WriteProcessMemory request was completed. (0x12B)
[0314/190035.408:ERROR:process_memory_win.cc(73)] ReadMemory at 0x2c3d79cdeb0 of 64 bytes failed: Only part of a ReadProcessMemory or WriteProcessMemory request was completed. (0x12B)
[0314/190035.408:ERROR:process_memory_win.cc(73)] ReadMemory at 0x2c3d79cdf50 of 60 bytes failed: Only part of a ReadProcessMemory or WriteProcessMemory request was completed. (0x12B)
[0314/190035.408:ERROR:process_memory_win.cc(73)] ReadMemory at 0x2c3d79cdff0 of 60 bytes failed: Only part of a ReadProcessMemory or WriteProcessMemory request was completed. (0x12B)
[0314/190035.408:ERROR:process_memory_win.cc(73)] ReadMemory at 0x2c3d79ce090 of 58 bytes failed: Only part of a ReadProcessMemory or WriteProcessMemory request was completed. (0x12B)
[0314/190035.408:ERROR:process_memory_win.cc(73)] ReadMemory at 0x2c3d79ce0e0 of 62 bytes failed: Only part of a ReadProcessMemory or WriteProcessMemory request was completed. (0x12B)
[0314/190035.409:ERROR:process_memory_win.cc(73)] ReadMemory at 0x2c3d79ce1d0 of 64 bytes failed: Only part of a ReadProcessMemory or WriteProcessMemory request was completed. (0x12B)
[0314/190035.409:ERROR:process_memory_win.cc(73)] ReadMemory at 0x2c3d79ce360 of 60 bytes failed: Only part of a ReadProcessMemory or WriteProcessMemory request was completed. (0x12B)
[0314/190035.409:ERROR:process_memory_win.cc(73)] ReadMemory at 0x2c3d79ce3b0 of 62 bytes failed: Only part of a ReadProcessMemory or WriteProcessMemory request was completed. (0x12B)
[0314/190035.409:ERROR:process_memory_win.cc(73)] ReadMemory at 0x2c3d79ce400 of 62 bytes failed: Only part of a ReadProcessMemory or WriteProcessMemory request was completed. (0x12B)
[0314/190035.409:ERROR:process_memory_win.cc(73)] ReadMemory at 0x2c3d79ce450 of 64 bytes failed: Only part of a ReadProcessMemory or WriteProcessMemory request was completed. (0x12B)
[0314/190035.409:ERROR:process_memory_win.cc(73)] ReadMemory at 0x2c3d79ce4a0 of 62 bytes failed: Only part of a ReadProcessMemory or WriteProcessMemory request was completed. (0x12B)
[0314/190035.409:ERROR:process_memory_win.cc(73)] ReadMemory at 0x2c3d79ce540 of 66 bytes failed: Only part of a ReadProcessMemory or WriteProcessMemory request was completed. (0x12B)
[0314/190035.410:ERROR:process_memory_win.cc(73)] ReadMemory at 0x2c3d79cf0c0 of 132 bytes failed: Only part of a ReadProcessMemory or WriteProcessMemory request was completed. (0x12B)
[0314/190035.410:ERROR:process_memory_win.cc(73)] ReadMemory at 0x2c3d79d0870 of 54 bytes failed: Only part of a ReadProcessMemory or WriteProcessMemory request was completed. (0x12B)
[0314/190035.410:ERROR:process_memory_win.cc(73)] ReadMemory at 0x2c3d79d13b0 of 132 bytes failed: Only part of a ReadProcessMemory or WriteProcessMemory request was completed. (0x12B)
[0314/190035.410:ERROR:process_memory_win.cc(73)] ReadMemory at 0x2c3d79d1460 of 512 bytes failed: Only part of a ReadProcessMemory or WriteProcessMemory request was completed. (0x12B)
[0314/190035.410:ERROR:process_memory_win.cc(73)] ReadMemory at 0x2c3d79d16d0 of 132 bytes failed: Only part of a ReadProcessMemory or WriteProcessMemory request was completed. (0x12B)
[0314/190035.411:ERROR:process_memory_win.cc(73)] ReadMemory at 0x2c3d79d29d0 of 132 bytes failed: Only part of a ReadProcessMemory or WriteProcessMemory request was completed. (0x12B)
[0314/190035.411:ERROR:process_memory_win.cc(73)] ReadMemory at 0x2c3d79d4080 of 132 bytes failed: Only part of a ReadProcessMemory or WriteProcessMemory request was completed. (0x12B)
[0314/190035.411:ERROR:process_memory_win.cc(73)] ReadMemory at 0x2c3d79d43e0 of 132 bytes failed: Only part of a ReadProcessMemory or WriteProcessMemory request was completed. (0x12B)
[0314/190035.411:ERROR:process_memory_win.cc(73)] ReadMemory at 0x2c3d79d6150 of 132 bytes failed: Only part of a ReadProcessMemory or WriteProcessMemory request was completed. (0x12B)
[0314/190035.411:ERROR:process_memory_win.cc(73)] ReadMemory at 0x2c3d79d6280 of 132 bytes failed: Only part of a ReadProcessMemory or WriteProcessMemory request was completed. (0x12B)
[0314/190035.411:ERROR:process_memory_win.cc(73)] ReadMemory at 0x2c3d79d63b0 of 132 bytes failed: Only part of a ReadProcessMemory or WriteProcessMemory request was completed. (0x12B)
[0314/190035.412:ERROR:process_memory_win.cc(73)] ReadMemory at 0x2c3d79d64e0 of 132 bytes failed: Only part of a ReadProcessMemory or WriteProcessMemory request was completed. (0x12B)
[0314/190035.412:ERROR:process_memory_win.cc(73)] ReadMemory at 0x2c3d79d6610 of 132 bytes failed: Only part of a ReadProcessMemory or WriteProcessMemory request was completed. (0x12B)
[0314/190035.412:ERROR:process_memory_win.cc(73)] ReadMemory at 0x2c3d79d6870 of 132 bytes failed: Only part of a ReadProcessMemory or WriteProcessMemory request was completed. (0x12B)
[0314/190035.412:ERROR:process_memory_win.cc(73)] ReadMemory at 0x2c3d79d69a0 of 132 bytes failed: Only part of a ReadProcessMemory or WriteProcessMemory request was completed. (0x12B)
[0314/190035.412:ERROR:process_memory_win.cc(73)] ReadMemory at 0x2c3d79d6ad0 of 132 bytes failed: Only part of a ReadProcessMemory or WriteProcessMemory request was completed. (0x12B)
[0314/190035.412:ERROR:process_memory_win.cc(73)] ReadMemory at 0x2c3d79d6c00 of 132 bytes failed: Only part of a ReadProcessMemory or WriteProcessMemory request was completed. (0x12B)
[0314/190035.412:ERROR:process_memory_win.cc(73)] ReadMemory at 0x2c3d79d6d30 of 132 bytes failed: Only part of a ReadProcessMemory or WriteProcessMemory request was completed. (0x12B)
[0314/190035.412:ERROR:process_memory_win.cc(73)] ReadMemory at 0x2c3d79d6e60 of 132 bytes failed: Only part of a ReadProcessMemory or WriteProcessMemory request was completed. (0x12B)
[0314/190035.412:ERROR:process_memory_win.cc(73)] ReadMemory at 0x2c3d79d6f90 of 132 bytes failed: Only part of a ReadProcessMemory or WriteProcessMemory request was completed. (0x12B)
[0314/190035.413:ERROR:process_memory_win.cc(73)] ReadMemory at 0x2c3d79d7650 of 132 bytes failed: Only part of a ReadProcessMemory or WriteProcessMemory request was completed. (0x12B)
[0314/190035.413:ERROR:process_memory_win.cc(73)] ReadMemory at 0x2c3d79d78b0 of 132 bytes failed: Only part of a ReadProcessMemory or WriteProcessMemory request was completed. (0x12B)
[0314/190035.413:ERROR:process_memory_win.cc(73)] ReadMemory at 0x2c3d79d79e0 of 132 bytes failed: Only part of a ReadProcessMemory or WriteProcessMemory request was completed. (0x12B)
[0314/190035.413:ERROR:process_memory_win.cc(73)] ReadMemory at 0x2c3d79d7ea0 of 132 bytes failed: Only part of a ReadProcessMemory or WriteProcessMemory request was completed. (0x12B)
[0314/190035.413:ERROR:process_memory_win.cc(73)] ReadMemory at 0x2c3d79d8100 of 132 bytes failed: Only part of a ReadProcessMemory or WriteProcessMemory request was completed. (0x12B)
[0314/190035.413:ERROR:process_memory_win.cc(73)] ReadMemory at 0x2c3d79d85c0 of 132 bytes failed: Only part of a ReadProcessMemory or WriteProcessMemory request was completed. (0x12B)
[0314/190035.413:ERROR:process_memory_win.cc(73)] ReadMemory at 0x2c3d79d8820 of 132 bytes failed: Only part of a ReadProcessMemory or WriteProcessMemory request was completed. (0x12B)
[0314/190035.413:ERROR:process_memory_win.cc(73)] ReadMemory at 0x2c3d79d8950 of 132 bytes failed: Only part of a ReadProcessMemory or WriteProcessMemory request was completed. (0x12B)
[0314/190035.413:ERROR:process_memory_win.cc(73)] ReadMemory at 0x2c3d79d8bb0 of 132 bytes failed: Only part of a ReadProcessMemory or WriteProcessMemory request was completed. (0x12B)
[0314/190035.413:ERROR:process_memory_win.cc(73)] ReadMemory at 0x2c3d79d8f40 of 132 bytes failed: Only part of a ReadProcessMemory or WriteProcessMemory request was completed. (0x12B)
[0314/190035.414:ERROR:process_memory_win.cc(73)] ReadMemory at 0x2c3d79f1420 of 512 bytes failed: Only part of a ReadProcessMemory or WriteProcessMemory request was completed. (0x12B)
[0314/190035.414:ERROR:process_memory_win.cc(73)] ReadMemory at 0x2c3d80af050 of 512 bytes failed: Only part of a ReadProcessMemory or WriteProcessMemory request was completed. (0x12B)
[0314/190035.414:ERROR:process_memory_win.cc(73)] ReadMemory at 0x2c3d80c8a80 of 512 bytes failed: Only part of a ReadProcessMemory or WriteProcessMemory request was completed. (0x12B)
[0314/190035.414:ERROR:process_memory_win.cc(73)] ReadMemory at 0x2c3d80ce470 of 712 bytes failed: Only part of a ReadProcessMemory or WriteProcessMemory request was completed. (0x12B)
[0314/190035.414:ERROR:process_memory_win.cc(73)] ReadMemory at 0x2c3d80cea78 of 512 bytes failed: Only part of a ReadProcessMemory or WriteProcessMemory request was completed. (0x12B)
[0314/190035.414:ERROR:process_memory_win.cc(73)] ReadMemory at 0x2c3d80ced48 of 512 bytes failed: Only part of a ReadProcessMemory or WriteProcessMemory request was completed. (0x12B)
[0314/190035.414:ERROR:process_memory_win.cc(73)] ReadMemory at 0x2c3d80d5640 of 512 bytes failed: Only part of a ReadProcessMemory or WriteProcessMemory request was completed. (0x12B)
[0314/190035.414:ERROR:process_memory_win.cc(73)] ReadMemory at 0x2c3d8171520 of 512 bytes failed: Only part of a ReadProcessMemory or WriteProcessMemory request was completed. (0x12B)
[0314/190035.414:ERROR:process_memory_win.cc(73)] ReadMemory at 0x2c3d9e60000 of 384 bytes failed: Only part of a ReadProcessMemory or WriteProcessMemory request was completed. (0x12B)
[0314/190035.415:ERROR:process_memory_win.cc(73)] ReadMemory at 0x2c3d9e80d90 of 512 bytes failed: Only part of a ReadProcessMemory or WriteProcessMemory request was completed. (0x12B)
[0314/190035.415:ERROR:process_memory_win.cc(73)] ReadMemory at 0x2c3d9e81970 of 512 bytes failed: Only part of a ReadProcessMemory or WriteProcessMemory request was completed. (0x12B)
[0314/190035.415:ERROR:process_memory_win.cc(73)] ReadMemory at 0x2c3d9fbe0b0 of 512 bytes failed: Only part of a ReadProcessMemory or WriteProcessMemory request was completed. (0x12B)
[0314/190035.415:ERROR:process_memory_win.cc(73)] ReadMemory at 0x2c3da44ad40 of 718 bytes failed: Only part of a ReadProcessMemory or WriteProcessMemory request was completed. (0x12B)
[0314/190035.415:ERROR:process_memory_win.cc(73)] ReadMemory at 0x2c3da8fe1d0 of 512 bytes failed: Only part of a ReadProcessMemory or WriteProcessMemory request was completed. (0x12B)
[0314/190035.415:ERROR:process_memory_win.cc(73)] ReadMemory at 0x2c3daeeb400 of 512 bytes failed: Only part of a ReadProcessMemory or WriteProcessMemory request was completed. (0x12B)
[0314/190035.415:ERROR:process_memory_win.cc(73)] ReadMemory at 0x2c3ebeeb710 of 512 bytes failed: Only part of a ReadProcessMemory or WriteProcessMemory request was completed. (0x12B)
[0314/190035.415:ERROR:process_memory_win.cc(73)] ReadMemory at 0x2c3efcd9280 of 512 bytes failed: Only part of a ReadProcessMemory or WriteProcessMemory request was completed. (0x12B)
[0314/190035.416:ERROR:process_memory_win.cc(73)] ReadMemory at 0x2c3efe0d600 of 624 bytes failed: Only part of a ReadProcessMemory or WriteProcessMemory request was completed. (0x12B)
[0314/190035.416:ERROR:process_memory_win.cc(73)] ReadMemory at 0x2c3f00eabb0 of 576 bytes failed: Only part of a ReadProcessMemory or WriteProcessMemory request was completed. (0x12B)
[0314/190035.416:ERROR:process_memory_win.cc(73)] ReadMemory at 0x6fa50a625174 of 513 bytes failed: Only part of a ReadProcessMemory or WriteProcessMemory request was completed. (0x12B)
[0314/190035.416:ERROR:process_memory_win.cc(73)] ReadMemory at 0x7ffe81a32026 of 512 bytes failed: Only part of a ReadProcessMemory or WriteProcessMemory request was completed. (0x12B)
[0314/190035.416:ERROR:process_memory_win.cc(73)] ReadMemory at 0x7ffe82fb11a8 of 512 bytes failed: Only part of a ReadProcessMemory or WriteProcessMemory request was completed. (0x12B)
[0314/190035.416:ERROR:process_memory_win.cc(73)] ReadMemory at 0x7ffe85249830 of 512 bytes failed: Only part of a ReadProcessMemory or WriteProcessMemory request was completed. (0x12B)
[0314/190035.416:ERROR:process_memory_win.cc(73)] ReadMemory at 0x7ffe86f9f7e8 of 512 bytes failed: Only part of a ReadProcessMemory or WriteProcessMemory request was completed. (0x12B)
[0314/190035.416:ERROR:process_memory_win.cc(73)] ReadMemory at 0x7ffe86fa3df0 of 512 bytes failed: Only part of a ReadProcessMemory or WriteProcessMemory request was completed. (0x12B)
[0314/190035.416:ERROR:process_memory_win.cc(73)] ReadMemory at 0x7ffeaeab7a8d of 512 bytes failed: Only part of a ReadProcessMemory or WriteProcessMemory request was completed. (0x12B)
[0314/190035.417:ERROR:process_memory_win.cc(73)] ReadMemory at 0x7ffeaeab8285 of 512 bytes failed: Only part of a ReadProcessMemory or WriteProcessMemory request was completed. (0x12B)
[0314/190035.417:ERROR:process_memory_win.cc(73)] ReadMemory at 0x7ffed579c0c4 of 672 bytes failed: Only part of a ReadProcessMemory or WriteProcessMemory request was completed. (0x12B)
[0314/190035.417:ERROR:process_memory_win.cc(73)] ReadMemory at 0x7ffed579cb94 of 512 bytes failed: Only part of a ReadProcessMemory or WriteProcessMemory request was completed. (0x12B)
[0314/190035.417:ERROR:process_memory_win.cc(73)] ReadMemory at 0x7ffed579f974 of 608 bytes failed: Only part of a ReadProcessMemory or WriteProcessMemory request was completed. (0x12B)
[0314/190035.417:ERROR:process_memory_win.cc(73)] ReadMemory at 0x7ffed582c428 of 18 bytes failed: Only part of a ReadProcessMemory or WriteProcessMemory request was completed. (0x12B)
[0314/190035.417:ERROR:process_memory_win.cc(73)] ReadMemory at 0x7ffed585f4f8 of 40 bytes failed: Only part of a ReadProcessMemory or WriteProcessMemory request was completed. (0x12B)
[0314/190035.417:ERROR:process_memory_win.cc(73)] ReadMemory at 0x7ffed585f978 of 48 bytes failed: Only part of a ReadProcessMemory or WriteProcessMemory request was completed. (0x12B)
[0314/190035.417:ERROR:process_memory_win.cc(73)] ReadMemory at 0x7ffed58653c0 of 64 bytes failed: Only part of a ReadProcessMemory or WriteProcessMemory request was completed. (0x12B)
[0314/190035.444:ERROR:scoped_process_suspend.cc(40)] NtResumeProcess: An attempt was made to access an exiting process. (0xc000010a)
